diff --git a/src/test/java/LeafAction/ElementMethods.java b/src/test/java/LeafAction/ElementMethods.java
index d39a267..24bf213 100644
--- a/src/test/java/LeafAction/ElementMethods.java
+++ b/src/test/java/LeafAction/ElementMethods.java
@@ -498,19 +498,20 @@ public class ElementMethods {
 		
 		
 		public void TriStateCheckBox() {
+			
+			   WebDriverWait wait = new WebDriverWait(BaseClass.driver, Duration.ofSeconds(5));
 			while (true) {
-		        elementlocators.checkbox.TriStateCheckBox.click();
-
-		        WebDriverWait wait = new WebDriverWait(BaseClass.driver, Duration.ofSeconds(5));
+		        
 		        WebElement stateElement = wait.until(
 		                ExpectedConditions.visibilityOf(elementlocators.checkbox.StateValue));
 
 		        String text = stateElement.getText();
 		        String value = text.split("=")[1].trim();
 		        System.out.println( value);
-		        if (value.equals("2")) {
+		        if (value.equals("0")) {
 		            break;
 		        }
+		        elementlocators.checkbox.TriStateCheckBox.click();
 		    }
 		
 		}
diff --git a/target/classes/META-INF/maven/com.testleaf/testleafproject/pom.properties b/target/classes/META-INF/maven/com.testleaf/testleafproject/pom.properties
index 4d7be53..0fc9e44 100644
--- a/target/classes/META-INF/maven/com.testleaf/testleafproject/pom.properties
+++ b/target/classes/META-INF/maven/com.testleaf/testleafproject/pom.properties
@@ -1,5 +1,5 @@
 #Generated by Maven Integration for Eclipse
-#Thu Feb 05 10:53:29 IST 2026
+#Fri Feb 06 15:34:47 IST 2026
 artifactId=testleafproject
 groupId=com.testleaf
 m2e.projectLocation=C\:\\Users\\vikram.sreenivasulu\\eclipse-workspace\\testleafproject
diff --git a/target/test-classes/.gitignore b/target/test-classes/.gitignore
index 4e10f5a..26c3b8b 100644
--- a/target/test-classes/.gitignore
+++ b/target/test-classes/.gitignore
@@ -1,5 +1 @@
 /LeafAction/
-/LeafLocators/
-/LeafTestCases/
-/MiscLocators.class
-/MiscLocators$MiscLocator.class
diff --git a/test-output/Default suite/Default test.html b/test-output/Default suite/Default test.html
index ae065ed..959b250 100644
--- a/test-output/Default suite/Default test.html	
+++ b/test-output/Default suite/Default test.html	
@@ -55,11 +55,11 @@ function toggleAllBoxes() {
 <body>
 <h2 align='center'>Default test</h2><table border='1' align="center">
 <tr>
-<td>Tests passed/Failed/Skipped:</td><td>1/0/0</td>
+<td>Tests passed/Failed/Skipped:</td><td>0/1/0</td>
 </tr><tr>
-<td>Started on:</td><td>Thu Feb 05 17:09:04 IST 2026</td>
+<td>Started on:</td><td>Fri Feb 06 15:43:05 IST 2026</td>
 </tr>
-<tr><td>Total time:</td><td>13 seconds (13491 ms)</td>
+<tr><td>Total time:</td><td>111 seconds (111878 ms)</td>
 </tr><tr>
 <td>Included groups:</td><td></td>
 </tr><tr>
@@ -67,8 +67,8 @@ function toggleAllBoxes() {
 </tr>
 </table><p/>
 <small><i>(Hover the method name to see the test class name)</i></small><p/>
-<table width='100%' border='1' class='invocation-passed'>
-<tr><td colspan='4' align='center'><b>PASSED TESTS</b></td></tr>
+<table width='100%' border='1' class='invocation-failed'>
+<tr><td colspan='4' align='center'><b>FAILED TESTS</b></td></tr>
 <tr><td><b>Test method</b></td>
 <td><b>Attribute(s)</b></td>
 <td width="30%"><b>Exception</b></td>
@@ -76,10 +76,135 @@ function toggleAllBoxes() {
 <td><b>Instance</b></td>
 </tr>
 <tr>
-<td title='LeafTestCases.MisctestCases.ATtestFile()'><b>ATtestFile</b><br>Test class: LeafTestCases.MisctestCases</td>
-<td></td>
-<td>13</td>
-<td>LeafTestCases.MisctestCases@2d1ef81a</td></tr>
+<td title='LeafTestCases.ElementTestClases.CheckBox()'><b>CheckBox</b><br>Test class: LeafTestCases.ElementTestClases</td>
+<td><div><pre>org.openqa.selenium.TimeoutException: Expected condition failed: waiting for visibility of Proxy element for: DefaultElementLocator &apos;By.xpath: //p[contains(text(),&apos;State =&apos;)]&apos; (tried for 5 second(s) with 500 milliseconds interval)
+	at org.openqa.selenium.support.ui.WebDriverWait.timeoutException(WebDriverWait.java:84)
+	at org.openqa.selenium.support.ui.FluentWait.until(FluentWait.java:228)
+	at LeafAction.ElementMethods$CheckBox.TriStateCheckBox(ElementMethods.java:505)
+	at LeafTestCases.ElementTestClases.CheckBox(ElementTestClases.java:185)
+	at java.base/jdk.internal.reflect.DirectMethodHandleAccessor.invoke(DirectMethodHandleAccessor.java:103)
+	at java.base/java.lang.reflect.Method.invoke(Method.java:580)
+	at org.testng.internal.invokers.MethodInvocationHelper.invokeMethod(MethodInvocationHelper.java:141)
+	at org.testng.internal.invokers.TestInvoker.invokeMethod(TestInvoker.java:687)
+	at org.testng.internal.invokers.TestInvoker.invokeTestMethod(TestInvoker.java:230)
+	at org.testng.internal.invokers.MethodRunner.runInSequence(MethodRunner.java:63)
+	at org.testng.internal.invokers.TestInvoker$MethodInvocationAgent.invoke(TestInvoker.java:995)
+	at org.testng.internal.invokers.TestInvoker.invokeTestMethods(TestInvoker.java:203)
+	at org.testng.internal.invokers.TestMethodWorker.invokeTestMethods(TestMethodWorker.java:154)
+	at org.testng.internal.invokers.TestMethodWorker.run(TestMethodWorker.java:134)
+	at java.base/java.util.ArrayList.forEach(ArrayList.java:1596)
+	at org.testng.TestRunner.privateRun(TestRunner.java:741)
+	at org.testng.TestRunner.run(TestRunner.java:616)
+	at org.testng.SuiteRunner.runTest(SuiteRunner.java:421)
+	at org.testng.SuiteRunner.runSequentially(SuiteRunner.java:413)
+	at org.testng.SuiteRunner.privateRun(SuiteRunner.java:373)
+	at org.testng.SuiteRunner.run(SuiteRunner.java:312)
+	at org.testng.SuiteRunnerWorker.runSuite(SuiteRunnerWorker.java:52)
+	at org.testng.SuiteRunnerWorker.run(SuiteRunnerWorker.java:95)
+	at org.testng.TestNG.runSuitesSequentially(TestNG.java:1274)
+	at org.testng.TestNG.runSuitesLocally(TestNG.java:1208)
+	at org.testng.TestNG.runSuites(TestNG.java:1112)
+	at org.testng.TestNG.run(TestNG.java:1079)
+	at org.testng.remote.AbstractRemoteTestNG.run(AbstractRemoteTestNG.java:115)
+	at org.testng.remote.RemoteTestNG.initAndRun(RemoteTestNG.java:293)
+	at org.testng.remote.RemoteTestNG.main(RemoteTestNG.java:91)
+Caused by: org.openqa.selenium.NoSuchElementException: no such element: Unable to locate element: {&quot;method&quot;:&quot;xpath&quot;,&quot;selector&quot;:&quot;//p[contains(text(),&apos;State =&apos;)]&quot;}
+  (Session info: chrome=144.0.7559.133)
+For documentation on this error, please visit: https://www.selenium.dev/documentation/webdriver/troubleshooting/errors#no-such-element-exception
+Build info: version: &apos;4.35.0&apos;, revision: &apos;1c58e5028b&apos;
+System info: os.name: &apos;Windows 10&apos;, os.arch: &apos;amd64&apos;, os.version: &apos;10.0&apos;, java.version: &apos;21.0.9&apos;
+Driver info: org.openqa.selenium.chrome.ChromeDriver
+Command: [d2cb1a1eca3618c46d420a3671c44571, findElement {value=//p[contains(text(),&apos;State =&apos;)], using=xpath}]
+Capabilities {acceptInsecureCerts: false, browserName: chrome, browserVersion: 144.0.7559.133, chrome: {chromedriverVersion: 144.0.7559.133 (7da823b1d59..., userDataDir: C:\Users\VIKRAM~1.SRE\AppDa...}, fedcm:accounts: true, goog:chromeOptions: {debuggerAddress: localhost:54101}, goog:processID: 18364, networkConnectionEnabled: false, pageLoadStrategy: normal, platformName: windows, proxy: Proxy(), se:cdp: ws://localhost:54101/devtoo..., se:cdpVersion: 144.0.7559.133, setWindowRect: true, strictFileInteractability: false, timeouts: {implicit: 0, pageLoad: 300000, script: 30000}, unhandledPromptBehavior: dismiss and notify, webauthn:extension:credBlob: true, webauthn:extension:largeBlob: true, webauthn:extension:minPinLength: true, webauthn:extension:prf: true, webauthn:virtualAuthenticators: true}
+Session ID: d2cb1a1eca3618c46d420a3671c44571
+	at java.base/jdk.internal.reflect.DirectConstructorHandleAccessor.newInstance(DirectConstructorHandleAccessor.java:62)
+	at java.base/java.lang.reflect.Constructor.newInstanceWithCaller(Constructor.java:502)
+	at java.base/java.lang.reflect.Constructor.newInstance(Constructor.java:486)
+	at org.openqa.selenium.remote.ErrorCodec.decode(ErrorCodec.java:167)
+	at org.openqa.selenium.remote.codec.w3c.W3CHttpResponseCodec.decode(W3CHttpResponseCodec.java:138)
+	at org.openqa.selenium.remote.codec.w3c.W3CHttpResponseCodec.decode(W3CHttpResponseCodec.java:50)
+	at org.openqa.selenium.remote.HttpCommandExecutor.execute(HttpCommandExecutor.java:215)
+	at org.openqa.selenium.remote.service.DriverCommandExecutor.invokeExecute(DriverCommandExecutor.java:216)
+	at org.openqa.selenium.remote.service.DriverCommandExecutor.execute(DriverCommandExecutor.java:174)
+	at org.openqa.selenium.remote.RemoteWebDriver.execute(RemoteWebDriver.java:557)
+	at org.openqa.selenium.remote.ElementLocation$ElementFinder$2.findElement(ElementLocation.java:165)
+	at org.openqa.selenium.remote.ElementLocation.findElement(ElementLocation.java:59)
+	at org.openqa.selenium.remote.RemoteWebDriver.findElement(RemoteWebDriver.java:380)
+	at org.openqa.selenium.remote.RemoteWebDriver.findElement(RemoteWebDriver.java:374)
+	at org.openqa.selenium.support.pagefactory.DefaultElementLocator.findElement(DefaultElementLocator.java:68)
+	at org.openqa.selenium.support.pagefactory.internal.LocatingElementHandler.invoke(LocatingElementHandler.java:38)
+	at jdk.proxy2/jdk.proxy2.$Proxy11.isDisplayed(Unknown Source)
+	at org.openqa.selenium.support.ui.ExpectedConditions.elementIfVisible(ExpectedConditions.java:304)
+	at org.openqa.selenium.support.ui.ExpectedConditions$10.apply(ExpectedConditions.java:290)
+	at org.openqa.selenium.support.ui.ExpectedConditions$10.apply(ExpectedConditions.java:287)
+	at org.openqa.selenium.support.ui.FluentWait.until(FluentWait.java:203)
+	... 28 more
+</pre></div><a href='#' onClick='toggleBox("stack-trace1545327692", this, "Click to show all stack frames", "Click to hide stack frames")'>Click to show all stack frames</a>
+<div class='stack-trace' id='stack-trace1545327692'><pre>org.openqa.selenium.TimeoutException: Expected condition failed: waiting for visibility of Proxy element for: DefaultElementLocator &apos;By.xpath: //p[contains(text(),&apos;State =&apos;)]&apos; (tried for 5 second(s) with 500 milliseconds interval)
+	at org.openqa.selenium.support.ui.WebDriverWait.timeoutException(WebDriverWait.java:84)
+	at org.openqa.selenium.support.ui.FluentWait.until(FluentWait.java:228)
+	at LeafAction.ElementMethods$CheckBox.TriStateCheckBox(ElementMethods.java:505)
+	at LeafTestCases.ElementTestClases.CheckBox(ElementTestClases.java:185)
+	at java.base/jdk.internal.reflect.DirectMethodHandleAccessor.invoke(DirectMethodHandleAccessor.java:103)
+	at java.base/java.lang.reflect.Method.invoke(Method.java:580)
+	at org.testng.internal.invokers.MethodInvocationHelper.invokeMethod(MethodInvocationHelper.java:141)
+	at org.testng.internal.invokers.TestInvoker.invokeMethod(TestInvoker.java:687)
+	at org.testng.internal.invokers.TestInvoker.invokeTestMethod(TestInvoker.java:230)
+	at org.testng.internal.invokers.MethodRunner.runInSequence(MethodRunner.java:63)
+	at org.testng.internal.invokers.TestInvoker$MethodInvocationAgent.invoke(TestInvoker.java:995)
+	at org.testng.internal.invokers.TestInvoker.invokeTestMethods(TestInvoker.java:203)
+	at org.testng.internal.invokers.TestMethodWorker.invokeTestMethods(TestMethodWorker.java:154)
+	at org.testng.internal.invokers.TestMethodWorker.run(TestMethodWorker.java:134)
+	at java.base/java.util.ArrayList.forEach(ArrayList.java:1596)
+	at org.testng.TestRunner.privateRun(TestRunner.java:741)
+	at org.testng.TestRunner.run(TestRunner.java:616)
+	at org.testng.SuiteRunner.runTest(SuiteRunner.java:421)
+	at org.testng.SuiteRunner.runSequentially(SuiteRunner.java:413)
+	at org.testng.SuiteRunner.privateRun(SuiteRunner.java:373)
+	at org.testng.SuiteRunner.run(SuiteRunner.java:312)
+	at org.testng.SuiteRunnerWorker.runSuite(SuiteRunnerWorker.java:52)
+	at org.testng.SuiteRunnerWorker.run(SuiteRunnerWorker.java:95)
+	at org.testng.TestNG.runSuitesSequentially(TestNG.java:1274)
+	at org.testng.TestNG.runSuitesLocally(TestNG.java:1208)
+	at org.testng.TestNG.runSuites(TestNG.java:1112)
+	at org.testng.TestNG.run(TestNG.java:1079)
+	at org.testng.remote.AbstractRemoteTestNG.run(AbstractRemoteTestNG.java:115)
+	at org.testng.remote.RemoteTestNG.initAndRun(RemoteTestNG.java:293)
+	at org.testng.remote.RemoteTestNG.main(RemoteTestNG.java:91)
+Caused by: org.openqa.selenium.NoSuchElementException: no such element: Unable to locate element: {&quot;method&quot;:&quot;xpath&quot;,&quot;selector&quot;:&quot;//p[contains(text(),&apos;State =&apos;)]&quot;}
+  (Session info: chrome=144.0.7559.133)
+For documentation on this error, please visit: https://www.selenium.dev/documentation/webdriver/troubleshooting/errors#no-such-element-exception
+Build info: version: &apos;4.35.0&apos;, revision: &apos;1c58e5028b&apos;
+System info: os.name: &apos;Windows 10&apos;, os.arch: &apos;amd64&apos;, os.version: &apos;10.0&apos;, java.version: &apos;21.0.9&apos;
+Driver info: org.openqa.selenium.chrome.ChromeDriver
+Command: [d2cb1a1eca3618c46d420a3671c44571, findElement {value=//p[contains(text(),&apos;State =&apos;)], using=xpath}]
+Capabilities {acceptInsecureCerts: false, browserName: chrome, browserVersion: 144.0.7559.133, chrome: {chromedriverVersion: 144.0.7559.133 (7da823b1d59..., userDataDir: C:\Users\VIKRAM~1.SRE\AppDa...}, fedcm:accounts: true, goog:chromeOptions: {debuggerAddress: localhost:54101}, goog:processID: 18364, networkConnectionEnabled: false, pageLoadStrategy: normal, platformName: windows, proxy: Proxy(), se:cdp: ws://localhost:54101/devtoo..., se:cdpVersion: 144.0.7559.133, setWindowRect: true, strictFileInteractability: false, timeouts: {implicit: 0, pageLoad: 300000, script: 30000}, unhandledPromptBehavior: dismiss and notify, webauthn:extension:credBlob: true, webauthn:extension:largeBlob: true, webauthn:extension:minPinLength: true, webauthn:extension:prf: true, webauthn:virtualAuthenticators: true}
+Session ID: d2cb1a1eca3618c46d420a3671c44571
+	at java.base/jdk.internal.reflect.DirectConstructorHandleAccessor.newInstance(DirectConstructorHandleAccessor.java:62)
+	at java.base/java.lang.reflect.Constructor.newInstanceWithCaller(Constructor.java:502)
+	at java.base/java.lang.reflect.Constructor.newInstance(Constructor.java:486)
+	at org.openqa.selenium.remote.ErrorCodec.decode(ErrorCodec.java:167)
+	at org.openqa.selenium.remote.codec.w3c.W3CHttpResponseCodec.decode(W3CHttpResponseCodec.java:138)
+	at org.openqa.selenium.remote.codec.w3c.W3CHttpResponseCodec.decode(W3CHttpResponseCodec.java:50)
+	at org.openqa.selenium.remote.HttpCommandExecutor.execute(HttpCommandExecutor.java:215)
+	at org.openqa.selenium.remote.service.DriverCommandExecutor.invokeExecute(DriverCommandExecutor.java:216)
+	at org.openqa.selenium.remote.service.DriverCommandExecutor.execute(DriverCommandExecutor.java:174)
+	at org.openqa.selenium.remote.RemoteWebDriver.execute(RemoteWebDriver.java:557)
+	at org.openqa.selenium.remote.ElementLocation$ElementFinder$2.findElement(ElementLocation.java:165)
+	at org.openqa.selenium.remote.ElementLocation.findElement(ElementLocation.java:59)
+	at org.openqa.selenium.remote.RemoteWebDriver.findElement(RemoteWebDriver.java:380)
+	at org.openqa.selenium.remote.RemoteWebDriver.findElement(RemoteWebDriver.java:374)
+	at org.openqa.selenium.support.pagefactory.DefaultElementLocator.findElement(DefaultElementLocator.java:68)
+	at org.openqa.selenium.support.pagefactory.internal.LocatingElementHandler.invoke(LocatingElementHandler.java:38)
+	at jdk.proxy2/jdk.proxy2.$Proxy11.isDisplayed(Unknown Source)
+	at org.openqa.selenium.support.ui.ExpectedConditions.elementIfVisible(ExpectedConditions.java:304)
+	at org.openqa.selenium.support.ui.ExpectedConditions$10.apply(ExpectedConditions.java:290)
+	at org.openqa.selenium.support.ui.ExpectedConditions$10.apply(ExpectedConditions.java:287)
+	at org.openqa.selenium.support.ui.FluentWait.until(FluentWait.java:203)
+	... 28 more
+</pre></div></td>
+<td>111</td>
+<td>LeafTestCases.ElementTestClases@5b12b668</td></tr>
 </table><p>
 </body>
 </html>
\ No newline at end of file
diff --git a/test-output/Default suite/Default test.xml b/test-output/Default suite/Default test.xml
index 0877824..4f5c15a 100644
--- a/test-output/Default suite/Default test.xml	
+++ b/test-output/Default suite/Default test.xml	
@@ -1,14 +1,89 @@
 <?xml version="1.0" encoding="UTF-8"?>
 <!-- Generated by org.testng.reporters.JUnitXMLReporter -->
-<testsuite ignored="3" hostname="CPLBNGLPT103" failures="0" tests="1" name="Default test" time="13.491" errors="0" timestamp="2026-02-05T17:09:18 IST">
-  <testcase classname="LeafTestCases.MisctestCases" name="ATtestFile" time="13.455"/>
-  <testcase classname="LeafTestCases.MisctestCases" name="AtTestVideo" time="0.0">
+<testsuite ignored="6" hostname="CPLBNGLPT103" failures="1" tests="1" name="Default test" time="111.878" errors="0" timestamp="2026-02-06T15:44:57 IST">
+  <testcase classname="LeafTestCases.ElementTestClases" name="CheckBox" time="111.828">
+    <failure type="org.openqa.selenium.TimeoutException" message="Expected condition failed: waiting for visibility of Proxy element for: DefaultElementLocator &amp;apos;By.xpath: //p[contains(text(),&amp;apos;State =&amp;apos;)]&amp;apos; (tried for 5 second(s) with 500 milliseconds interval)">
+      <![CDATA[org.openqa.selenium.TimeoutException: Expected condition failed: waiting for visibility of Proxy element for: DefaultElementLocator 'By.xpath: //p[contains(text(),'State =')]' (tried for 5 second(s) with 500 milliseconds interval)
+at org.openqa.selenium.support.ui.WebDriverWait.timeoutException(WebDriverWait.java:84)
+at org.openqa.selenium.support.ui.FluentWait.until(FluentWait.java:228)
+at LeafAction.ElementMethods$CheckBox.TriStateCheckBox(ElementMethods.java:505)
+at LeafTestCases.ElementTestClases.CheckBox(ElementTestClases.java:185)
+at java.base/jdk.internal.reflect.DirectMethodHandleAccessor.invoke(DirectMethodHandleAccessor.java:103)
+at java.base/java.lang.reflect.Method.invoke(Method.java:580)
+at org.testng.internal.invokers.MethodInvocationHelper.invokeMethod(MethodInvocationHelper.java:141)
+at org.testng.internal.invokers.TestInvoker.invokeMethod(TestInvoker.java:687)
+at org.testng.internal.invokers.TestInvoker.invokeTestMethod(TestInvoker.java:230)
+at org.testng.internal.invokers.MethodRunner.runInSequence(MethodRunner.java:63)
+at org.testng.internal.invokers.TestInvoker$MethodInvocationAgent.invoke(TestInvoker.java:995)
+at org.testng.internal.invokers.TestInvoker.invokeTestMethods(TestInvoker.java:203)
+at org.testng.internal.invokers.TestMethodWorker.invokeTestMethods(TestMethodWorker.java:154)
+at org.testng.internal.invokers.TestMethodWorker.run(TestMethodWorker.java:134)
+at java.base/java.util.ArrayList.forEach(ArrayList.java:1596)
+at org.testng.TestRunner.privateRun(TestRunner.java:741)
+at org.testng.TestRunner.run(TestRunner.java:616)
+at org.testng.SuiteRunner.runTest(SuiteRunner.java:421)
+at org.testng.SuiteRunner.runSequentially(SuiteRunner.java:413)
+at org.testng.SuiteRunner.privateRun(SuiteRunner.java:373)
+at org.testng.SuiteRunner.run(SuiteRunner.java:312)
+at org.testng.SuiteRunnerWorker.runSuite(SuiteRunnerWorker.java:52)
+at org.testng.SuiteRunnerWorker.run(SuiteRunnerWorker.java:95)
+at org.testng.TestNG.runSuitesSequentially(TestNG.java:1274)
+at org.testng.TestNG.runSuitesLocally(TestNG.java:1208)
+at org.testng.TestNG.runSuites(TestNG.java:1112)
+at org.testng.TestNG.run(TestNG.java:1079)
+at org.testng.remote.AbstractRemoteTestNG.run(AbstractRemoteTestNG.java:115)
+at org.testng.remote.RemoteTestNG.initAndRun(RemoteTestNG.java:293)
+at org.testng.remote.RemoteTestNG.main(RemoteTestNG.java:91)
+Caused by: org.openqa.selenium.NoSuchElementException: no such element: Unable to locate element: {"method":"xpath","selector":"//p[contains(text(),'State =')]"}
+  (Session info: chrome=144.0.7559.133)
+For documentation on this error, please visit: https://www.selenium.dev/documentation/webdriver/troubleshooting/errors#no-such-element-exception
+Build info: version: '4.35.0', revision: '1c58e5028b'
+System info: os.name: 'Windows 10', os.arch: 'amd64', os.version: '10.0', java.version: '21.0.9'
+Driver info: org.openqa.selenium.chrome.ChromeDriver
+Command: [d2cb1a1eca3618c46d420a3671c44571, findElement {value=//p[contains(text(),'State =')], using=xpath}]
+Capabilities {acceptInsecureCerts: false, browserName: chrome, browserVersion: 144.0.7559.133, chrome: {chromedriverVersion: 144.0.7559.133 (7da823b1d59..., userDataDir: C:\Users\VIKRAM~1.SRE\AppDa...}, fedcm:accounts: true, goog:chromeOptions: {debuggerAddress: localhost:54101}, goog:processID: 18364, networkConnectionEnabled: false, pageLoadStrategy: normal, platformName: windows, proxy: Proxy(), se:cdp: ws://localhost:54101/devtoo..., se:cdpVersion: 144.0.7559.133, setWindowRect: true, strictFileInteractability: false, timeouts: {implicit: 0, pageLoad: 300000, script: 30000}, unhandledPromptBehavior: dismiss and notify, webauthn:extension:credBlob: true, webauthn:extension:largeBlob: true, webauthn:extension:minPinLength: true, webauthn:extension:prf: true, webauthn:virtualAuthenticators: true}
+Session ID: d2cb1a1eca3618c46d420a3671c44571
+at java.base/jdk.internal.reflect.DirectConstructorHandleAccessor.newInstance(DirectConstructorHandleAccessor.java:62)
+at java.base/java.lang.reflect.Constructor.newInstanceWithCaller(Constructor.java:502)
+at java.base/java.lang.reflect.Constructor.newInstance(Constructor.java:486)
+at org.openqa.selenium.remote.ErrorCodec.decode(ErrorCodec.java:167)
+at org.openqa.selenium.remote.codec.w3c.W3CHttpResponseCodec.decode(W3CHttpResponseCodec.java:138)
+at org.openqa.selenium.remote.codec.w3c.W3CHttpResponseCodec.decode(W3CHttpResponseCodec.java:50)
+at org.openqa.selenium.remote.HttpCommandExecutor.execute(HttpCommandExecutor.java:215)
+at org.openqa.selenium.remote.service.DriverCommandExecutor.invokeExecute(DriverCommandExecutor.java:216)
+at org.openqa.selenium.remote.service.DriverCommandExecutor.execute(DriverCommandExecutor.java:174)
+at org.openqa.selenium.remote.RemoteWebDriver.execute(RemoteWebDriver.java:557)
+at org.openqa.selenium.remote.ElementLocation$ElementFinder$2.findElement(ElementLocation.java:165)
+at org.openqa.selenium.remote.ElementLocation.findElement(ElementLocation.java:59)
+at org.openqa.selenium.remote.RemoteWebDriver.findElement(RemoteWebDriver.java:380)
+at org.openqa.selenium.remote.RemoteWebDriver.findElement(RemoteWebDriver.java:374)
+at org.openqa.selenium.support.pagefactory.DefaultElementLocator.findElement(DefaultElementLocator.java:68)
+at org.openqa.selenium.support.pagefactory.internal.LocatingElementHandler.invoke(LocatingElementHandler.java:38)
+at jdk.proxy2/jdk.proxy2.$Proxy11.isDisplayed(Unknown Source)
+at org.openqa.selenium.support.ui.ExpectedConditions.elementIfVisible(ExpectedConditions.java:304)
+at org.openqa.selenium.support.ui.ExpectedConditions$10.apply(ExpectedConditions.java:290)
+at org.openqa.selenium.support.ui.ExpectedConditions$10.apply(ExpectedConditions.java:287)
+at org.openqa.selenium.support.ui.FluentWait.until(FluentWait.java:203)
+... 28 more
+]]>
+    </failure>
+  </testcase> <!-- CheckBox -->
+  <testcase classname="LeafTestCases.ElementTestClases" name="DropDownAttest" time="0.0">
     <ignored/>
-  </testcase> <!-- AtTestVideo -->
-  <testcase classname="LeafTestCases.MisctestCases" name="ATtestChart" time="0.0">
+  </testcase> <!-- DropDownAttest -->
+  <testcase classname="LeafTestCases.ElementTestClases" name="Button" time="0.0">
     <ignored/>
-  </testcase> <!-- ATtestChart -->
-  <testcase classname="LeafTestCases.MisctestCases" name="AtestMisc" time="0.0">
+  </testcase> <!-- Button -->
+  <testcase classname="LeafTestCases.ElementTestClases" name="TextBox" time="0.0">
     <ignored/>
-  </testcase> <!-- AtestMisc -->
+  </testcase> <!-- TextBox -->
+  <testcase classname="LeafTestCases.ElementTestClases" name="WaitsAtTest" time="0.0">
+    <ignored/>
+  </testcase> <!-- WaitsAtTest -->
+  <testcase classname="LeafTestCases.ElementTestClases" name="RadioBttn" time="0.0">
+    <ignored/>
+  </testcase> <!-- RadioBttn -->
+  <testcase classname="LeafTestCases.ElementTestClases" name="HyperLink" time="0.0">
+    <ignored/>
+  </testcase> <!-- HyperLink -->
 </testsuite> <!-- Default test -->
diff --git a/test-output/Default suite/testng-failed.xml b/test-output/Default suite/testng-failed.xml
index 769fd0a..e8ed0eb 100644
--- a/test-output/Default suite/testng-failed.xml	
+++ b/test-output/Default suite/testng-failed.xml	
@@ -3,12 +3,12 @@
 <suite name="Failed suite [Default suite]" guice-stage="DEVELOPMENT">
   <test thread-count="5" name="Default test(failed)">
     <classes>
-      <class name="LeafTestCases.MisctestCases">
+      <class name="LeafTestCases.ElementTestClases">
         <methods>
-          <include name="ATtestFile"/>
           <include name="BeforeSuit"/>
+          <include name="CheckBox"/>
         </methods>
-      </class> <!-- LeafTestCases.MisctestCases -->
+      </class> <!-- LeafTestCases.ElementTestClases -->
     </classes>
   </test> <!-- Default test(failed) -->
 </suite> <!-- Failed suite [Default suite] -->
diff --git a/test-output/emailable-report.html b/test-output/emailable-report.html
index 5571739..c2b694c 100644
--- a/test-output/emailable-report.html
+++ b/test-output/emailable-report.html
@@ -9,10 +9,72 @@
 <table>
 <tr><th>Test</th><th># Passed</th><th># Skipped</th><th># Retried</th><th># Failed</th><th>Time (ms)</th><th>Included Groups</th><th>Excluded Groups</th></tr>
 <tr><th colspan="8">Default suite</th></tr>
-<tr><td><a href="#t0">Default test</a></td><td class="num">1</td><td class="num">0</td><td class="num">0</td><td class="num">0</td><td class="num">13,491</td><td></td><td></td></tr>
+<tr><td><a href="#t0">Default test</a></td><td class="num">0</td><td class="num">0</td><td class="num">0</td><td class="num attn">1</td><td class="num">111,878</td><td></td><td></td></tr>
 </table>
-<table id='summary'><thead><tr><th>Class</th><th>Method</th><th>Start</th><th>Time (ms)</th></tr></thead><tbody><tr><th colspan="4">Default suite</th></tr></tbody><tbody id="t0"><tr><th colspan="4">Default test &#8212; passed</th></tr><tr class="passedeven"><td rowspan="1">LeafTestCases.MisctestCases</td><td><a href="#m0">ATtestFile</a></td><td rowspan="1">1770291544712</td><td rowspan="1">13455</td></tr></tbody>
+<table id='summary'><thead><tr><th>Class</th><th>Method</th><th>Start</th><th>Time (ms)</th></tr></thead><tbody><tr><th colspan="4">Default suite</th></tr></tbody><tbody id="t0"><tr><th colspan="4">Default test &#8212; failed</th></tr><tr class="failedeven"><td rowspan="1">LeafTestCases.ElementTestClases</td><td><a href="#m0">CheckBox</a></td><td rowspan="1">1770372785978</td><td rowspan="1">111828</td></tr></tbody>
 </table>
-<h2>Default test</h2><h3 id="m0">LeafTestCases.MisctestCases#ATtestFile</h3><table class="result"><tr><th class="invisible"/></tr></table><p class="totop"><a href="#summary">back to summary</a></p>
+<h2>Default test</h2><h3 id="m0">LeafTestCases.ElementTestClases#CheckBox</h3><table class="result"><tr><th>Exception</th></tr><tr><td><div class="stacktrace">org.openqa.selenium.TimeoutException: Expected condition failed: waiting for visibility of Proxy element for: DefaultElementLocator &apos;By.xpath: //p[contains(text(),&apos;State =&apos;)]&apos; (tried for 5 second(s) with 500 milliseconds interval)
+	at org.openqa.selenium.support.ui.WebDriverWait.timeoutException(WebDriverWait.java:84)
+	at org.openqa.selenium.support.ui.FluentWait.until(FluentWait.java:228)
+	at LeafAction.ElementMethods$CheckBox.TriStateCheckBox(ElementMethods.java:505)
+	at LeafTestCases.ElementTestClases.CheckBox(ElementTestClases.java:185)
+	at java.base/jdk.internal.reflect.DirectMethodHandleAccessor.invoke(DirectMethodHandleAccessor.java:103)
+	at java.base/java.lang.reflect.Method.invoke(Method.java:580)
+	at org.testng.internal.invokers.MethodInvocationHelper.invokeMethod(MethodInvocationHelper.java:141)
+	at org.testng.internal.invokers.TestInvoker.invokeMethod(TestInvoker.java:687)
+	at org.testng.internal.invokers.TestInvoker.invokeTestMethod(TestInvoker.java:230)
+	at org.testng.internal.invokers.MethodRunner.runInSequence(MethodRunner.java:63)
+	at org.testng.internal.invokers.TestInvoker$MethodInvocationAgent.invoke(TestInvoker.java:995)
+	at org.testng.internal.invokers.TestInvoker.invokeTestMethods(TestInvoker.java:203)
+	at org.testng.internal.invokers.TestMethodWorker.invokeTestMethods(TestMethodWorker.java:154)
+	at org.testng.internal.invokers.TestMethodWorker.run(TestMethodWorker.java:134)
+	at java.base/java.util.ArrayList.forEach(ArrayList.java:1596)
+	at org.testng.TestRunner.privateRun(TestRunner.java:741)
+	at org.testng.TestRunner.run(TestRunner.java:616)
+	at org.testng.SuiteRunner.runTest(SuiteRunner.java:421)
+	at org.testng.SuiteRunner.runSequentially(SuiteRunner.java:413)
+	at org.testng.SuiteRunner.privateRun(SuiteRunner.java:373)
+	at org.testng.SuiteRunner.run(SuiteRunner.java:312)
+	at org.testng.SuiteRunnerWorker.runSuite(SuiteRunnerWorker.java:52)
+	at org.testng.SuiteRunnerWorker.run(SuiteRunnerWorker.java:95)
+	at org.testng.TestNG.runSuitesSequentially(TestNG.java:1274)
+	at org.testng.TestNG.runSuitesLocally(TestNG.java:1208)
+	at org.testng.TestNG.runSuites(TestNG.java:1112)
+	at org.testng.TestNG.run(TestNG.java:1079)
+	at org.testng.remote.AbstractRemoteTestNG.run(AbstractRemoteTestNG.java:115)
+	at org.testng.remote.RemoteTestNG.initAndRun(RemoteTestNG.java:293)
+	at org.testng.remote.RemoteTestNG.main(RemoteTestNG.java:91)
+Caused by: org.openqa.selenium.NoSuchElementException: no such element: Unable to locate element: {&quot;method&quot;:&quot;xpath&quot;,&quot;selector&quot;:&quot;//p[contains(text(),&apos;State =&apos;)]&quot;}
+  (Session info: chrome=144.0.7559.133)
+For documentation on this error, please visit: https://www.selenium.dev/documentation/webdriver/troubleshooting/errors#no-such-element-exception
+Build info: version: &apos;4.35.0&apos;, revision: &apos;1c58e5028b&apos;
+System info: os.name: &apos;Windows 10&apos;, os.arch: &apos;amd64&apos;, os.version: &apos;10.0&apos;, java.version: &apos;21.0.9&apos;
+Driver info: org.openqa.selenium.chrome.ChromeDriver
+Command: [d2cb1a1eca3618c46d420a3671c44571, findElement {value=//p[contains(text(),&apos;State =&apos;)], using=xpath}]
+Capabilities {acceptInsecureCerts: false, browserName: chrome, browserVersion: 144.0.7559.133, chrome: {chromedriverVersion: 144.0.7559.133 (7da823b1d59..., userDataDir: C:\Users\VIKRAM~1.SRE\AppDa...}, fedcm:accounts: true, goog:chromeOptions: {debuggerAddress: localhost:54101}, goog:processID: 18364, networkConnectionEnabled: false, pageLoadStrategy: normal, platformName: windows, proxy: Proxy(), se:cdp: ws://localhost:54101/devtoo..., se:cdpVersion: 144.0.7559.133, setWindowRect: true, strictFileInteractability: false, timeouts: {implicit: 0, pageLoad: 300000, script: 30000}, unhandledPromptBehavior: dismiss and notify, webauthn:extension:credBlob: true, webauthn:extension:largeBlob: true, webauthn:extension:minPinLength: true, webauthn:extension:prf: true, webauthn:virtualAuthenticators: true}
+Session ID: d2cb1a1eca3618c46d420a3671c44571
+	at java.base/jdk.internal.reflect.DirectConstructorHandleAccessor.newInstance(DirectConstructorHandleAccessor.java:62)
+	at java.base/java.lang.reflect.Constructor.newInstanceWithCaller(Constructor.java:502)
+	at java.base/java.lang.reflect.Constructor.newInstance(Constructor.java:486)
+	at org.openqa.selenium.remote.ErrorCodec.decode(ErrorCodec.java:167)
+	at org.openqa.selenium.remote.codec.w3c.W3CHttpResponseCodec.decode(W3CHttpResponseCodec.java:138)
+	at org.openqa.selenium.remote.codec.w3c.W3CHttpResponseCodec.decode(W3CHttpResponseCodec.java:50)
+	at org.openqa.selenium.remote.HttpCommandExecutor.execute(HttpCommandExecutor.java:215)
+	at org.openqa.selenium.remote.service.DriverCommandExecutor.invokeExecute(DriverCommandExecutor.java:216)
+	at org.openqa.selenium.remote.service.DriverCommandExecutor.execute(DriverCommandExecutor.java:174)
+	at org.openqa.selenium.remote.RemoteWebDriver.execute(RemoteWebDriver.java:557)
+	at org.openqa.selenium.remote.ElementLocation$ElementFinder$2.findElement(ElementLocation.java:165)
+	at org.openqa.selenium.remote.ElementLocation.findElement(ElementLocation.java:59)
+	at org.openqa.selenium.remote.RemoteWebDriver.findElement(RemoteWebDriver.java:380)
+	at org.openqa.selenium.remote.RemoteWebDriver.findElement(RemoteWebDriver.java:374)
+	at org.openqa.selenium.support.pagefactory.DefaultElementLocator.findElement(DefaultElementLocator.java:68)
+	at org.openqa.selenium.support.pagefactory.internal.LocatingElementHandler.invoke(LocatingElementHandler.java:38)
+	at jdk.proxy2/jdk.proxy2.$Proxy11.isDisplayed(Unknown Source)
+	at org.openqa.selenium.support.ui.ExpectedConditions.elementIfVisible(ExpectedConditions.java:304)
+	at org.openqa.selenium.support.ui.ExpectedConditions$10.apply(ExpectedConditions.java:290)
+	at org.openqa.selenium.support.ui.ExpectedConditions$10.apply(ExpectedConditions.java:287)
+	at org.openqa.selenium.support.ui.FluentWait.until(FluentWait.java:203)
+	... 28 more
+</div></td></tr></table><p class="totop"><a href="#summary">back to summary</a></p>
 </body>
 </html>
diff --git a/test-output/index.html b/test-output/index.html
index 909d635..543fec7 100644
--- a/test-output/index.html
+++ b/test-output/index.html
@@ -25,7 +25,7 @@
       <span class="top-banner-title-font">Test results</span>
       <button id="button" class="button">Switch Retro Theme</button> <!-- button -->
       <br/>
-      <span class="top-banner-font-1">1 suite</span>
+      <span class="top-banner-font-1">1 suite, 1 failed test</span>
     </div> <!-- top-banner-root -->
     <div class="navigator-root">
       <div class="navigator-suite-header">
@@ -39,7 +39,7 @@
         <div class="rounded-window">
           <div class="suite-header light-rounded-window-top">
             <a href="#" panel-name="suite-Default_suite" class="navigator-link">
-              <span class="suite-name border-passed">Default suite</span>
+              <span class="suite-name border-failed">Default suite</span>
             </a> <!-- navigator-link -->
           </div> <!-- suite-header light-rounded-window-top -->
           <div class="navigator-suite-content">
@@ -50,7 +50,7 @@
               <ul>
                 <li>
                   <a href="#" panel-name="test-xml-Default_suite" class="navigator-link ">
-                    <span>C:\Users\vikram.sreenivasulu\AppData\Local\Temp\testng-eclipse--840467432\testng-customsuite.xml</span>
+                    <span>C:\Users\vikram.sreenivasulu\AppData\Local\Temp\testng-eclipse--1596868429\testng-customsuite.xml</span>
                   </a> <!-- navigator-link  -->
                 </li>
                 <li>
@@ -92,21 +92,21 @@
               <div class="suite-section-content">
                 <ul>
                   <li>
-                    <span class="method-stats">1 method,   1 passed</span>
+                    <span class="method-stats">1 method, 1 failed,   </span>
                   </li>
                   <li>
-                    <span class="method-list-title passed">Passed methods</span>
-                    <span class="show-or-hide-methods passed">
-                      <a href="#" panel-name="suite-Default_suite" class="hide-methods passed suite-Default_suite"> (hide)</a> <!-- hide-methods passed suite-Default_suite -->
-                      <a href="#" panel-name="suite-Default_suite" class="show-methods passed suite-Default_suite"> (show)</a> <!-- show-methods passed suite-Default_suite -->
+                    <span class="method-list-title failed">Failed methods</span>
+                    <span class="show-or-hide-methods failed">
+                      <a href="#" panel-name="suite-Default_suite" class="hide-methods failed suite-Default_suite"> (hide)</a> <!-- hide-methods failed suite-Default_suite -->
+                      <a href="#" panel-name="suite-Default_suite" class="show-methods failed suite-Default_suite"> (show)</a> <!-- show-methods failed suite-Default_suite -->
                     </span>
-                    <div class="method-list-content passed suite-Default_suite">
+                    <div class="method-list-content failed suite-Default_suite">
                       <span>
-                        <img src="passed.png" width="3%"/>
-                        <a href="#" panel-name="suite-Default_suite" title="LeafTestCases.MisctestCases" class="method navigator-link" hash-for-method="ATtestFile">ATtestFile</a> <!-- method navigator-link -->
+                        <img src="failed.png" width="3%"/>
+                        <a href="#" panel-name="suite-Default_suite" title="LeafTestCases.ElementTestClases" class="method navigator-link" hash-for-method="CheckBox">CheckBox</a> <!-- method navigator-link -->
                       </span>
                       <br/>
-                    </div> <!-- method-list-content passed suite-Default_suite -->
+                    </div> <!-- method-list-content failed suite-Default_suite -->
                   </li>
                 </ul>
               </div> <!-- suite-section-content -->
@@ -118,25 +118,89 @@
     <div class="wrapper">
       <div class="main-panel-root">
         <div panel-name="suite-Default_suite" class="panel Default_suite">
-          <div class="suite-Default_suite-class-passed">
+          <div class="suite-Default_suite-class-failed">
             <div class="main-panel-header rounded-window-top">
-              <img src="passed.png"/>
-              <span class="class-name">LeafTestCases.MisctestCases</span>
+              <img src="failed.png"/>
+              <span class="class-name">LeafTestCases.ElementTestClases</span>
             </div> <!-- main-panel-header rounded-window-top -->
             <div class="main-panel-content rounded-window-bottom">
               <div class="method">
                 <div class="method-content">
-                  <a name="ATtestFile">
-                  </a> <!-- ATtestFile -->
-                  <span class="method-name">ATtestFile</span>
+                  <a name="CheckBox">
+                  </a> <!-- CheckBox -->
+                  <span class="method-name">CheckBox</span>
+                  <div class="stack-trace">org.openqa.selenium.TimeoutException: Expected condition failed: waiting for visibility of Proxy element for: DefaultElementLocator &apos;By.xpath: //p[contains(text(),&apos;State =&apos;)]&apos; (tried for 5 second(s) with 500 milliseconds interval)
+	at org.openqa.selenium.support.ui.WebDriverWait.timeoutException(WebDriverWait.java:84)
+	at org.openqa.selenium.support.ui.FluentWait.until(FluentWait.java:228)
+	at LeafAction.ElementMethods$CheckBox.TriStateCheckBox(ElementMethods.java:505)
+	at LeafTestCases.ElementTestClases.CheckBox(ElementTestClases.java:185)
+	at java.base/jdk.internal.reflect.DirectMethodHandleAccessor.invoke(DirectMethodHandleAccessor.java:103)
+	at java.base/java.lang.reflect.Method.invoke(Method.java:580)
+	at org.testng.internal.invokers.MethodInvocationHelper.invokeMethod(MethodInvocationHelper.java:141)
+	at org.testng.internal.invokers.TestInvoker.invokeMethod(TestInvoker.java:687)
+	at org.testng.internal.invokers.TestInvoker.invokeTestMethod(TestInvoker.java:230)
+	at org.testng.internal.invokers.MethodRunner.runInSequence(MethodRunner.java:63)
+	at org.testng.internal.invokers.TestInvoker$MethodInvocationAgent.invoke(TestInvoker.java:995)
+	at org.testng.internal.invokers.TestInvoker.invokeTestMethods(TestInvoker.java:203)
+	at org.testng.internal.invokers.TestMethodWorker.invokeTestMethods(TestMethodWorker.java:154)
+	at org.testng.internal.invokers.TestMethodWorker.run(TestMethodWorker.java:134)
+	at java.base/java.util.ArrayList.forEach(ArrayList.java:1596)
+	at org.testng.TestRunner.privateRun(TestRunner.java:741)
+	at org.testng.TestRunner.run(TestRunner.java:616)
+	at org.testng.SuiteRunner.runTest(SuiteRunner.java:421)
+	at org.testng.SuiteRunner.runSequentially(SuiteRunner.java:413)
+	at org.testng.SuiteRunner.privateRun(SuiteRunner.java:373)
+	at org.testng.SuiteRunner.run(SuiteRunner.java:312)
+	at org.testng.SuiteRunnerWorker.runSuite(SuiteRunnerWorker.java:52)
+	at org.testng.SuiteRunnerWorker.run(SuiteRunnerWorker.java:95)
+	at org.testng.TestNG.runSuitesSequentially(TestNG.java:1274)
+	at org.testng.TestNG.runSuitesLocally(TestNG.java:1208)
+	at org.testng.TestNG.runSuites(TestNG.java:1112)
+	at org.testng.TestNG.run(TestNG.java:1079)
+	at org.testng.remote.AbstractRemoteTestNG.run(AbstractRemoteTestNG.java:115)
+	at org.testng.remote.RemoteTestNG.initAndRun(RemoteTestNG.java:293)
+	at org.testng.remote.RemoteTestNG.main(RemoteTestNG.java:91)
+Caused by: org.openqa.selenium.NoSuchElementException: no such element: Unable to locate element: {&quot;method&quot;:&quot;xpath&quot;,&quot;selector&quot;:&quot;//p[contains(text(),&apos;State =&apos;)]&quot;}
+  (Session info: chrome=144.0.7559.133)
+For documentation on this error, please visit: https://www.selenium.dev/documentation/webdriver/troubleshooting/errors#no-such-element-exception
+Build info: version: &apos;4.35.0&apos;, revision: &apos;1c58e5028b&apos;
+System info: os.name: &apos;Windows 10&apos;, os.arch: &apos;amd64&apos;, os.version: &apos;10.0&apos;, java.version: &apos;21.0.9&apos;
+Driver info: org.openqa.selenium.chrome.ChromeDriver
+Command: [d2cb1a1eca3618c46d420a3671c44571, findElement {value=//p[contains(text(),&apos;State =&apos;)], using=xpath}]
+Capabilities {acceptInsecureCerts: false, browserName: chrome, browserVersion: 144.0.7559.133, chrome: {chromedriverVersion: 144.0.7559.133 (7da823b1d59..., userDataDir: C:\Users\VIKRAM~1.SRE\AppDa...}, fedcm:accounts: true, goog:chromeOptions: {debuggerAddress: localhost:54101}, goog:processID: 18364, networkConnectionEnabled: false, pageLoadStrategy: normal, platformName: windows, proxy: Proxy(), se:cdp: ws://localhost:54101/devtoo..., se:cdpVersion: 144.0.7559.133, setWindowRect: true, strictFileInteractability: false, timeouts: {implicit: 0, pageLoad: 300000, script: 30000}, unhandledPromptBehavior: dismiss and notify, webauthn:extension:credBlob: true, webauthn:extension:largeBlob: true, webauthn:extension:minPinLength: true, webauthn:extension:prf: true, webauthn:virtualAuthenticators: true}
+Session ID: d2cb1a1eca3618c46d420a3671c44571
+	at java.base/jdk.internal.reflect.DirectConstructorHandleAccessor.newInstance(DirectConstructorHandleAccessor.java:62)
+	at java.base/java.lang.reflect.Constructor.newInstanceWithCaller(Constructor.java:502)
+	at java.base/java.lang.reflect.Constructor.newInstance(Constructor.java:486)
+	at org.openqa.selenium.remote.ErrorCodec.decode(ErrorCodec.java:167)
+	at org.openqa.selenium.remote.codec.w3c.W3CHttpResponseCodec.decode(W3CHttpResponseCodec.java:138)
+	at org.openqa.selenium.remote.codec.w3c.W3CHttpResponseCodec.decode(W3CHttpResponseCodec.java:50)
+	at org.openqa.selenium.remote.HttpCommandExecutor.execute(HttpCommandExecutor.java:215)
+	at org.openqa.selenium.remote.service.DriverCommandExecutor.invokeExecute(DriverCommandExecutor.java:216)
+	at org.openqa.selenium.remote.service.DriverCommandExecutor.execute(DriverCommandExecutor.java:174)
+	at org.openqa.selenium.remote.RemoteWebDriver.execute(RemoteWebDriver.java:557)
+	at org.openqa.selenium.remote.ElementLocation$ElementFinder$2.findElement(ElementLocation.java:165)
+	at org.openqa.selenium.remote.ElementLocation.findElement(ElementLocation.java:59)
+	at org.openqa.selenium.remote.RemoteWebDriver.findElement(RemoteWebDriver.java:380)
+	at org.openqa.selenium.remote.RemoteWebDriver.findElement(RemoteWebDriver.java:374)
+	at org.openqa.selenium.support.pagefactory.DefaultElementLocator.findElement(DefaultElementLocator.java:68)
+	at org.openqa.selenium.support.pagefactory.internal.LocatingElementHandler.invoke(LocatingElementHandler.java:38)
+	at jdk.proxy2/jdk.proxy2.$Proxy11.isDisplayed(Unknown Source)
+	at org.openqa.selenium.support.ui.ExpectedConditions.elementIfVisible(ExpectedConditions.java:304)
+	at org.openqa.selenium.support.ui.ExpectedConditions$10.apply(ExpectedConditions.java:290)
+	at org.openqa.selenium.support.ui.ExpectedConditions$10.apply(ExpectedConditions.java:287)
+	at org.openqa.selenium.support.ui.FluentWait.until(FluentWait.java:203)
+	... 28 more
+
+</div> <!-- stack-trace -->
                 </div> <!-- method-content -->
               </div> <!-- method -->
             </div> <!-- main-panel-content rounded-window-bottom -->
-          </div> <!-- suite-Default_suite-class-passed -->
+          </div> <!-- suite-Default_suite-class-failed -->
         </div> <!-- panel Default_suite -->
         <div panel-name="test-xml-Default_suite" class="panel">
           <div class="main-panel-header rounded-window-top">
-            <span class="header-content">C:\Users\vikram.sreenivasulu\AppData\Local\Temp\testng-eclipse--840467432\testng-customsuite.xml</span>
+            <span class="header-content">C:\Users\vikram.sreenivasulu\AppData\Local\Temp\testng-eclipse--1596868429\testng-customsuite.xml</span>
           </div> <!-- main-panel-header rounded-window-top -->
           <div class="main-panel-content rounded-window-bottom">
             <pre>
@@ -145,11 +209,11 @@
 &lt;suite name=&quot;Default suite&quot; guice-stage=&quot;DEVELOPMENT&quot;&gt;
   &lt;test thread-count=&quot;5&quot; name=&quot;Default test&quot; verbose=&quot;2&quot;&gt;
     &lt;classes&gt;
-      &lt;class name=&quot;LeafTestCases.MisctestCases&quot;&gt;
+      &lt;class name=&quot;LeafTestCases.ElementTestClases&quot;&gt;
         &lt;methods&gt;
-          &lt;include name=&quot;ATtestFile&quot;/&gt;
+          &lt;include name=&quot;CheckBox&quot;/&gt;
         &lt;/methods&gt;
-      &lt;/class&gt; &lt;!-- LeafTestCases.MisctestCases --&gt;
+      &lt;/class&gt; &lt;!-- LeafTestCases.ElementTestClases --&gt;
     &lt;/classes&gt;
   &lt;/test&gt; &lt;!-- Default test --&gt;
 &lt;/suite&gt; &lt;!-- Default suite --&gt;
@@ -191,14 +255,14 @@ data.addColumn('string', 'Class');
 data.addColumn('number', 'Time (ms)');
 data.addRows(1);
 data.setCell(0, 0, 0)
-data.setCell(0, 1, 'ATtestFile')
-data.setCell(0, 2, 'LeafTestCases.MisctestCases')
-data.setCell(0, 3, 13455);
+data.setCell(0, 1, 'CheckBox')
+data.setCell(0, 2, 'LeafTestCases.ElementTestClases')
+data.setCell(0, 3, 111828);
 window.suiteTableData['Default_suite']= { tableData: data, tableDiv: 'times-div-Default_suite'}
 return data;
 }
               </script>
-              <span class="suite-total-time">Total running time: 13 seconds</span>
+              <span class="suite-total-time">Total running time: 1 minutes</span>
               <div id="times-div-Default_suite">
               </div> <!-- times-div-Default_suite -->
             </div> <!-- times-div -->
@@ -213,17 +277,23 @@ return data;
         </div> <!-- panel -->
         <div panel-name="ignored-methods-Default_suite" class="panel">
           <div class="main-panel-header rounded-window-top">
-            <span class="header-content">3 ignored methods</span>
+            <span class="header-content">6 ignored methods</span>
           </div> <!-- main-panel-header rounded-window-top -->
           <div class="main-panel-content rounded-window-bottom">
             <div class="ignored-class-div">
-              <span class="ignored-class-name">LeafTestCases.MisctestCases</span>
+              <span class="ignored-class-name">LeafTestCases.ElementTestClases</span>
               <div class="ignored-methods-div">
-                <span class="ignored-method-name">AtTestVideo</span>
+                <span class="ignored-method-name">DropDownAttest</span>
+                <br/>
+                <span class="ignored-method-name">Button</span>
+                <br/>
+                <span class="ignored-method-name">TextBox</span>
+                <br/>
+                <span class="ignored-method-name">WaitsAtTest</span>
                 <br/>
-                <span class="ignored-method-name">ATtestChart</span>
+                <span class="ignored-method-name">RadioBttn</span>
                 <br/>
-                <span class="ignored-method-name">AtestMisc</span>
+                <span class="ignored-method-name">HyperLink</span>
                 <br/>
               </div> <!-- ignored-methods-div -->
             </div> <!-- ignored-class-div -->
@@ -235,14 +305,16 @@ return data;
           </div> <!-- main-panel-header rounded-window-top -->
           <div class="main-panel-content rounded-window-bottom">
             <div class="chronological-class">
-              <div class="chronological-class-name">LeafTestCases.MisctestCases</div> <!-- chronological-class-name -->
+              <div class="chronological-class-name">LeafTestCases.ElementTestClases</div> <!-- chronological-class-name -->
               <div class="configuration-suite before">
                 <span class="method-name">BeforeSuit</span>
                 <span class="method-start">0 ms</span>
               </div> <!-- configuration-suite before -->
               <div class="test-method">
-                <span class="method-name">ATtestFile</span>
-                <span class="method-start">3770 ms</span>
+                <img src="failed.png">
+                </img>
+                <span class="method-name">CheckBox</span>
+                <span class="method-start">5018 ms</span>
               </div> <!-- test-method -->
           </div> <!-- main-panel-content rounded-window-bottom -->
         </div> <!-- panel -->
diff --git a/test-output/junitreports/TEST-LeafTestCases.ElementTestClases.xml b/test-output/junitreports/TEST-LeafTestCases.ElementTestClases.xml
index 5ccc686..0cf56c1 100644
--- a/test-output/junitreports/TEST-LeafTestCases.ElementTestClases.xml
+++ b/test-output/junitreports/TEST-LeafTestCases.ElementTestClases.xml
@@ -1,5 +1,71 @@
 <?xml version="1.0" encoding="UTF-8"?>
 <!-- Generated by org.testng.reporters.JUnitReportReporter -->
-<testsuite hostname="CPLBNGLPT103" failures="0" tests="1" name="LeafTestCases.ElementTestClases" time="45.872" errors="0" timestamp="2026-02-03T12:00:32 IST" skipped="0">
-  <testcase classname="LeafTestCases.ElementTestClases" name="HyperLink" time="45.872"/>
+<testsuite hostname="CPLBNGLPT103" failures="0" tests="1" name="LeafTestCases.ElementTestClases" time="111.828" errors="1" timestamp="2026-02-06T15:44:58 IST" skipped="0">
+  <testcase classname="LeafTestCases.ElementTestClases" name="CheckBox" time="111.828">
+    <error message="Expected condition failed: waiting for visibility of Proxy element for: DefaultElementLocator &#039;By.xpath: //p[contains(text(),&#039;State =&#039;)]&#039; (tried for 5 second(s) with 500 milliseconds interval)" type="org.openqa.selenium.TimeoutException">
+      <![CDATA[org.openqa.selenium.TimeoutException: Expected condition failed: waiting for visibility of Proxy element for: DefaultElementLocator 'By.xpath: //p[contains(text(),'State =')]' (tried for 5 second(s) with 500 milliseconds interval)
+at org.openqa.selenium.support.ui.WebDriverWait.timeoutException(WebDriverWait.java:84)
+at org.openqa.selenium.support.ui.FluentWait.until(FluentWait.java:228)
+at LeafAction.ElementMethods$CheckBox.TriStateCheckBox(ElementMethods.java:505)
+at LeafTestCases.ElementTestClases.CheckBox(ElementTestClases.java:185)
+at java.base/jdk.internal.reflect.DirectMethodHandleAccessor.invoke(DirectMethodHandleAccessor.java:103)
+at java.base/java.lang.reflect.Method.invoke(Method.java:580)
+at org.testng.internal.invokers.MethodInvocationHelper.invokeMethod(MethodInvocationHelper.java:141)
+at org.testng.internal.invokers.TestInvoker.invokeMethod(TestInvoker.java:687)
+at org.testng.internal.invokers.TestInvoker.invokeTestMethod(TestInvoker.java:230)
+at org.testng.internal.invokers.MethodRunner.runInSequence(MethodRunner.java:63)
+at org.testng.internal.invokers.TestInvoker$MethodInvocationAgent.invoke(TestInvoker.java:995)
+at org.testng.internal.invokers.TestInvoker.invokeTestMethods(TestInvoker.java:203)
+at org.testng.internal.invokers.TestMethodWorker.invokeTestMethods(TestMethodWorker.java:154)
+at org.testng.internal.invokers.TestMethodWorker.run(TestMethodWorker.java:134)
+at java.base/java.util.ArrayList.forEach(ArrayList.java:1596)
+at org.testng.TestRunner.privateRun(TestRunner.java:741)
+at org.testng.TestRunner.run(TestRunner.java:616)
+at org.testng.SuiteRunner.runTest(SuiteRunner.java:421)
+at org.testng.SuiteRunner.runSequentially(SuiteRunner.java:413)
+at org.testng.SuiteRunner.privateRun(SuiteRunner.java:373)
+at org.testng.SuiteRunner.run(SuiteRunner.java:312)
+at org.testng.SuiteRunnerWorker.runSuite(SuiteRunnerWorker.java:52)
+at org.testng.SuiteRunnerWorker.run(SuiteRunnerWorker.java:95)
+at org.testng.TestNG.runSuitesSequentially(TestNG.java:1274)
+at org.testng.TestNG.runSuitesLocally(TestNG.java:1208)
+at org.testng.TestNG.runSuites(TestNG.java:1112)
+at org.testng.TestNG.run(TestNG.java:1079)
+at org.testng.remote.AbstractRemoteTestNG.run(AbstractRemoteTestNG.java:115)
+at org.testng.remote.RemoteTestNG.initAndRun(RemoteTestNG.java:293)
+at org.testng.remote.RemoteTestNG.main(RemoteTestNG.java:91)
+Caused by: org.openqa.selenium.NoSuchElementException: no such element: Unable to locate element: {"method":"xpath","selector":"//p[contains(text(),'State =')]"}
+  (Session info: chrome=144.0.7559.133)
+For documentation on this error, please visit: https://www.selenium.dev/documentation/webdriver/troubleshooting/errors#no-such-element-exception
+Build info: version: '4.35.0', revision: '1c58e5028b'
+System info: os.name: 'Windows 10', os.arch: 'amd64', os.version: '10.0', java.version: '21.0.9'
+Driver info: org.openqa.selenium.chrome.ChromeDriver
+Command: [d2cb1a1eca3618c46d420a3671c44571, findElement {value=//p[contains(text(),'State =')], using=xpath}]
+Capabilities {acceptInsecureCerts: false, browserName: chrome, browserVersion: 144.0.7559.133, chrome: {chromedriverVersion: 144.0.7559.133 (7da823b1d59..., userDataDir: C:\Users\VIKRAM~1.SRE\AppDa...}, fedcm:accounts: true, goog:chromeOptions: {debuggerAddress: localhost:54101}, goog:processID: 18364, networkConnectionEnabled: false, pageLoadStrategy: normal, platformName: windows, proxy: Proxy(), se:cdp: ws://localhost:54101/devtoo..., se:cdpVersion: 144.0.7559.133, setWindowRect: true, strictFileInteractability: false, timeouts: {implicit: 0, pageLoad: 300000, script: 30000}, unhandledPromptBehavior: dismiss and notify, webauthn:extension:credBlob: true, webauthn:extension:largeBlob: true, webauthn:extension:minPinLength: true, webauthn:extension:prf: true, webauthn:virtualAuthenticators: true}
+Session ID: d2cb1a1eca3618c46d420a3671c44571
+at java.base/jdk.internal.reflect.DirectConstructorHandleAccessor.newInstance(DirectConstructorHandleAccessor.java:62)
+at java.base/java.lang.reflect.Constructor.newInstanceWithCaller(Constructor.java:502)
+at java.base/java.lang.reflect.Constructor.newInstance(Constructor.java:486)
+at org.openqa.selenium.remote.ErrorCodec.decode(ErrorCodec.java:167)
+at org.openqa.selenium.remote.codec.w3c.W3CHttpResponseCodec.decode(W3CHttpResponseCodec.java:138)
+at org.openqa.selenium.remote.codec.w3c.W3CHttpResponseCodec.decode(W3CHttpResponseCodec.java:50)
+at org.openqa.selenium.remote.HttpCommandExecutor.execute(HttpCommandExecutor.java:215)
+at org.openqa.selenium.remote.service.DriverCommandExecutor.invokeExecute(DriverCommandExecutor.java:216)
+at org.openqa.selenium.remote.service.DriverCommandExecutor.execute(DriverCommandExecutor.java:174)
+at org.openqa.selenium.remote.RemoteWebDriver.execute(RemoteWebDriver.java:557)
+at org.openqa.selenium.remote.ElementLocation$ElementFinder$2.findElement(ElementLocation.java:165)
+at org.openqa.selenium.remote.ElementLocation.findElement(ElementLocation.java:59)
+at org.openqa.selenium.remote.RemoteWebDriver.findElement(RemoteWebDriver.java:380)
+at org.openqa.selenium.remote.RemoteWebDriver.findElement(RemoteWebDriver.java:374)
+at org.openqa.selenium.support.pagefactory.DefaultElementLocator.findElement(DefaultElementLocator.java:68)
+at org.openqa.selenium.support.pagefactory.internal.LocatingElementHandler.invoke(LocatingElementHandler.java:38)
+at jdk.proxy2/jdk.proxy2.$Proxy11.isDisplayed(Unknown Source)
+at org.openqa.selenium.support.ui.ExpectedConditions.elementIfVisible(ExpectedConditions.java:304)
+at org.openqa.selenium.support.ui.ExpectedConditions$10.apply(ExpectedConditions.java:290)
+at org.openqa.selenium.support.ui.ExpectedConditions$10.apply(ExpectedConditions.java:287)
+at org.openqa.selenium.support.ui.FluentWait.until(FluentWait.java:203)
+... 28 more
+]]>
+    </error>
+  </testcase> <!-- CheckBox -->
 </testsuite> <!-- LeafTestCases.ElementTestClases -->
diff --git a/test-output/testng-failed.xml b/test-output/testng-failed.xml
index 769fd0a..e8ed0eb 100644
--- a/test-output/testng-failed.xml
+++ b/test-output/testng-failed.xml
@@ -3,12 +3,12 @@
 <suite name="Failed suite [Default suite]" guice-stage="DEVELOPMENT">
   <test thread-count="5" name="Default test(failed)">
     <classes>
-      <class name="LeafTestCases.MisctestCases">
+      <class name="LeafTestCases.ElementTestClases">
         <methods>
-          <include name="ATtestFile"/>
           <include name="BeforeSuit"/>
+          <include name="CheckBox"/>
         </methods>
-      </class> <!-- LeafTestCases.MisctestCases -->
+      </class> <!-- LeafTestCases.ElementTestClases -->
     </classes>
   </test> <!-- Default test(failed) -->
 </suite> <!-- Failed suite [Default suite] -->
diff --git a/test-output/testng-results.xml b/test-output/testng-results.xml
index 577cbbb..1ce9b59 100644
--- a/test-output/testng-results.xml
+++ b/test-output/testng-results.xml
@@ -1,21 +1,91 @@
 <?xml version="1.0" encoding="UTF-8"?>
-<testng-results ignored="3" total="4" passed="1" failed="0" skipped="0">
+<testng-results ignored="6" total="7" passed="0" failed="1" skipped="0">
   <reporter-output>
   </reporter-output>
-  <suite started-at="2026-02-05T17:09:04 IST" name="Default suite" finished-at="2026-02-05T17:09:18 IST" duration-ms="13491">
+  <suite started-at="2026-02-06T15:43:05 IST" name="Default suite" finished-at="2026-02-06T15:44:57 IST" duration-ms="111878">
     <groups>
     </groups>
-    <test started-at="2026-02-05T17:09:04 IST" name="Default test" finished-at="2026-02-05T17:09:18 IST" duration-ms="13491">
-      <class name="LeafTestCases.MisctestCases">
-        <test-method is-config="true" signature="BeforeSuit()[pri:0, instance:LeafTestCases.MisctestCases@2d1ef81a]" started-at="2026-02-05T17:09:00 IST" name="BeforeSuit" finished-at="2026-02-05T17:09:04 IST" duration-ms="3737" status="PASS">
+    <test started-at="2026-02-06T15:43:05 IST" name="Default test" finished-at="2026-02-06T15:44:57 IST" duration-ms="111878">
+      <class name="LeafTestCases.ElementTestClases">
+        <test-method is-config="true" signature="BeforeSuit()[pri:0, instance:LeafTestCases.ElementTestClases@5b12b668]" started-at="2026-02-06T15:43:00 IST" name="BeforeSuit" finished-at="2026-02-06T15:43:05 IST" duration-ms="4993" status="PASS">
           <reporter-output>
           </reporter-output>
         </test-method> <!-- BeforeSuit -->
-        <test-method signature="ATtestFile()[pri:0, instance:LeafTestCases.MisctestCases@2d1ef81a]" started-at="2026-02-05T17:09:04 IST" name="ATtestFile" finished-at="2026-02-05T17:09:18 IST" duration-ms="13455" status="PASS">
+        <test-method signature="CheckBox()[pri:0, instance:LeafTestCases.ElementTestClases@5b12b668]" started-at="2026-02-06T15:43:05 IST" name="CheckBox" finished-at="2026-02-06T15:44:57 IST" duration-ms="111828" status="FAIL">
+          <exception class="org.openqa.selenium.TimeoutException">
+            <message>
+              <![CDATA[Expected condition failed: waiting for visibility of Proxy element for: DefaultElementLocator 'By.xpath: //p[contains(text(),'State =')]' (tried for 5 second(s) with 500 milliseconds interval)]]>
+            </message>
+            <full-stacktrace>
+              <![CDATA[org.openqa.selenium.TimeoutException: Expected condition failed: waiting for visibility of Proxy element for: DefaultElementLocator 'By.xpath: //p[contains(text(),'State =')]' (tried for 5 second(s) with 500 milliseconds interval)
+at org.openqa.selenium.support.ui.WebDriverWait.timeoutException(WebDriverWait.java:84)
+at org.openqa.selenium.support.ui.FluentWait.until(FluentWait.java:228)
+at LeafAction.ElementMethods$CheckBox.TriStateCheckBox(ElementMethods.java:505)
+at LeafTestCases.ElementTestClases.CheckBox(ElementTestClases.java:185)
+at java.base/jdk.internal.reflect.DirectMethodHandleAccessor.invoke(DirectMethodHandleAccessor.java:103)
+at java.base/java.lang.reflect.Method.invoke(Method.java:580)
+at org.testng.internal.invokers.MethodInvocationHelper.invokeMethod(MethodInvocationHelper.java:141)
+at org.testng.internal.invokers.TestInvoker.invokeMethod(TestInvoker.java:687)
+at org.testng.internal.invokers.TestInvoker.invokeTestMethod(TestInvoker.java:230)
+at org.testng.internal.invokers.MethodRunner.runInSequence(MethodRunner.java:63)
+at org.testng.internal.invokers.TestInvoker$MethodInvocationAgent.invoke(TestInvoker.java:995)
+at org.testng.internal.invokers.TestInvoker.invokeTestMethods(TestInvoker.java:203)
+at org.testng.internal.invokers.TestMethodWorker.invokeTestMethods(TestMethodWorker.java:154)
+at org.testng.internal.invokers.TestMethodWorker.run(TestMethodWorker.java:134)
+at java.base/java.util.ArrayList.forEach(ArrayList.java:1596)
+at org.testng.TestRunner.privateRun(TestRunner.java:741)
+at org.testng.TestRunner.run(TestRunner.java:616)
+at org.testng.SuiteRunner.runTest(SuiteRunner.java:421)
+at org.testng.SuiteRunner.runSequentially(SuiteRunner.java:413)
+at org.testng.SuiteRunner.privateRun(SuiteRunner.java:373)
+at org.testng.SuiteRunner.run(SuiteRunner.java:312)
+at org.testng.SuiteRunnerWorker.runSuite(SuiteRunnerWorker.java:52)
+at org.testng.SuiteRunnerWorker.run(SuiteRunnerWorker.java:95)
+at org.testng.TestNG.runSuitesSequentially(TestNG.java:1274)
+at org.testng.TestNG.runSuitesLocally(TestNG.java:1208)
+at org.testng.TestNG.runSuites(TestNG.java:1112)
+at org.testng.TestNG.run(TestNG.java:1079)
+at org.testng.remote.AbstractRemoteTestNG.run(AbstractRemoteTestNG.java:115)
+at org.testng.remote.RemoteTestNG.initAndRun(RemoteTestNG.java:293)
+at org.testng.remote.RemoteTestNG.main(RemoteTestNG.java:91)
+Caused by: org.openqa.selenium.NoSuchElementException: no such element: Unable to locate element: {"method":"xpath","selector":"//p[contains(text(),'State =')]"}
+  (Session info: chrome=144.0.7559.133)
+For documentation on this error, please visit: https://www.selenium.dev/documentation/webdriver/troubleshooting/errors#no-such-element-exception
+Build info: version: '4.35.0', revision: '1c58e5028b'
+System info: os.name: 'Windows 10', os.arch: 'amd64', os.version: '10.0', java.version: '21.0.9'
+Driver info: org.openqa.selenium.chrome.ChromeDriver
+Command: [d2cb1a1eca3618c46d420a3671c44571, findElement {value=//p[contains(text(),'State =')], using=xpath}]
+Capabilities {acceptInsecureCerts: false, browserName: chrome, browserVersion: 144.0.7559.133, chrome: {chromedriverVersion: 144.0.7559.133 (7da823b1d59..., userDataDir: C:\Users\VIKRAM~1.SRE\AppDa...}, fedcm:accounts: true, goog:chromeOptions: {debuggerAddress: localhost:54101}, goog:processID: 18364, networkConnectionEnabled: false, pageLoadStrategy: normal, platformName: windows, proxy: Proxy(), se:cdp: ws://localhost:54101/devtoo..., se:cdpVersion: 144.0.7559.133, setWindowRect: true, strictFileInteractability: false, timeouts: {implicit: 0, pageLoad: 300000, script: 30000}, unhandledPromptBehavior: dismiss and notify, webauthn:extension:credBlob: true, webauthn:extension:largeBlob: true, webauthn:extension:minPinLength: true, webauthn:extension:prf: true, webauthn:virtualAuthenticators: true}
+Session ID: d2cb1a1eca3618c46d420a3671c44571
+at java.base/jdk.internal.reflect.DirectConstructorHandleAccessor.newInstance(DirectConstructorHandleAccessor.java:62)
+at java.base/java.lang.reflect.Constructor.newInstanceWithCaller(Constructor.java:502)
+at java.base/java.lang.reflect.Constructor.newInstance(Constructor.java:486)
+at org.openqa.selenium.remote.ErrorCodec.decode(ErrorCodec.java:167)
+at org.openqa.selenium.remote.codec.w3c.W3CHttpResponseCodec.decode(W3CHttpResponseCodec.java:138)
+at org.openqa.selenium.remote.codec.w3c.W3CHttpResponseCodec.decode(W3CHttpResponseCodec.java:50)
+at org.openqa.selenium.remote.HttpCommandExecutor.execute(HttpCommandExecutor.java:215)
+at org.openqa.selenium.remote.service.DriverCommandExecutor.invokeExecute(DriverCommandExecutor.java:216)
+at org.openqa.selenium.remote.service.DriverCommandExecutor.execute(DriverCommandExecutor.java:174)
+at org.openqa.selenium.remote.RemoteWebDriver.execute(RemoteWebDriver.java:557)
+at org.openqa.selenium.remote.ElementLocation$ElementFinder$2.findElement(ElementLocation.java:165)
+at org.openqa.selenium.remote.ElementLocation.findElement(ElementLocation.java:59)
+at org.openqa.selenium.remote.RemoteWebDriver.findElement(RemoteWebDriver.java:380)
+at org.openqa.selenium.remote.RemoteWebDriver.findElement(RemoteWebDriver.java:374)
+at org.openqa.selenium.support.pagefactory.DefaultElementLocator.findElement(DefaultElementLocator.java:68)
+at org.openqa.selenium.support.pagefactory.internal.LocatingElementHandler.invoke(LocatingElementHandler.java:38)
+at jdk.proxy2/jdk.proxy2.$Proxy11.isDisplayed(Unknown Source)
+at org.openqa.selenium.support.ui.ExpectedConditions.elementIfVisible(ExpectedConditions.java:304)
+at org.openqa.selenium.support.ui.ExpectedConditions$10.apply(ExpectedConditions.java:290)
+at org.openqa.selenium.support.ui.ExpectedConditions$10.apply(ExpectedConditions.java:287)
+at org.openqa.selenium.support.ui.FluentWait.until(FluentWait.java:203)
+... 28 more
+]]>
+            </full-stacktrace>
+          </exception> <!-- org.openqa.selenium.TimeoutException -->
           <reporter-output>
           </reporter-output>
-        </test-method> <!-- ATtestFile -->
-      </class> <!-- LeafTestCases.MisctestCases -->
+        </test-method> <!-- CheckBox -->
+      </class> <!-- LeafTestCases.ElementTestClases -->
     </test> <!-- Default test -->
   </suite> <!-- Default suite -->
 </testng-results>
