<?xml version="1.0" encoding="UTF-8"?>
<!-- Generated by org.testng.reporters.JUnitXMLReporter -->
<testsuite ignored="3" hostname="CPLBNGLPT103" failures="0" tests="1" name="Default test" time="8.623" errors="0" timestamp="2026-01-09T12:28:17 IST">
  <testcase classname="LeafTestCases.ElementTestClases" name="TextBox" time="8.543"/>
  <testcase classname="LeafTestCases.ElementTestClases" name="RadioBttn" time="0.0">
    <ignored/>
  </testcase> <!-- RadioBttn -->
  <testcase classname="LeafTestCases.ElementTestClases" name="WaitsAtTest" time="0.0">
    <ignored/>
  </testcase> <!-- WaitsAtTest -->
  <testcase classname="LeafTestCases.ElementTestClases" name="Attest" time="0.0">
    <ignored/>
  </testcase> <!-- Attest -->
</testsuite> <!-- Default test -->
