<?xml version="1.0" encoding="UTF-8"?>
<!-- Generated by org.testng.reporters.JUnitXMLReporter -->
<testsuite ignored="1" hostname="CPLBNGLPT103" failures="0" tests="1" name="Default test" time="12.718" errors="0" timestamp="2026-03-02T18:05:45 IST">
  <testcase classname="LeafTestCases.ListTestCases" name="ATTestTree" time="12.669"/>
  <testcase classname="LeafTestCases.ListTestCases" name="ATTestList" time="0.0">
    <ignored/>
  </testcase> <!-- ATTestList -->
</testsuite> <!-- Default test -->
