<?xml version="1.0" encoding="UTF-8"?>
<!-- Generated by org.testng.reporters.JUnitXMLReporter -->
<testsuite ignored="4" hostname="CPLBNGLPT103" failures="0" tests="1" name="Default test" time="35.06" errors="0" timestamp="2026-01-29T10:52:28 IST">
  <testcase classname="LeafTestCases.ElementTestClases" name="Button" time="34.997"/>
  <testcase classname="LeafTestCases.ElementTestClases" name="TextBox" time="0.0">
    <ignored/>
  </testcase> <!-- TextBox -->
  <testcase classname="LeafTestCases.ElementTestClases" name="RadioBttn" time="0.0">
    <ignored/>
  </testcase> <!-- RadioBttn -->
  <testcase classname="LeafTestCases.ElementTestClases" name="DropDownAttest" time="0.0">
    <ignored/>
  </testcase> <!-- DropDownAttest -->
  <testcase classname="LeafTestCases.ElementTestClases" name="WaitsAtTest" time="0.0">
    <ignored/>
  </testcase> <!-- WaitsAtTest -->
</testsuite> <!-- Default test -->
