<?xml version="1.0" encoding="UTF-8"?>
<!-- Generated by org.testng.reporters.JUnitXMLReporter -->
<testsuite ignored="3" hostname="CPLBNGLPT79" failures="0" tests="1" name="Default test" time="15.113" errors="0" timestamp="2025-11-20T15:58:34 IST">
  <testcase classname="LeafTestCases.BrowserTestCases" name="Attest2" time="15.083"/>
  <testcase classname="LeafTestCases.BrowserTestCases" name="Attest3" time="0.0">
    <ignored/>
  </testcase> <!-- Attest3 -->
  <testcase classname="LeafTestCases.BrowserTestCases" name="Attest1" time="0.0">
    <ignored/>
  </testcase> <!-- Attest1 -->
  <testcase classname="LeafTestCases.BrowserTestCases" name="Attest" time="0.0">
    <ignored/>
  </testcase> <!-- Attest -->
</testsuite> <!-- Default test -->
