<?xml version="1.0" encoding="UTF-8"?>
<!-- Generated by org.testng.reporters.JUnitXMLReporter -->
<testsuite ignored="2" hostname="CPLBNGLPT79" failures="0" tests="1" name="Default test" time="17.048" errors="0" timestamp="2025-12-16T14:45:04 IST">
  <testcase classname="LeafTestCases.ElementTestClases" name="RadioBttn" time="17.015"/>
  <testcase classname="LeafTestCases.ElementTestClases" name="WaitsAtTest" time="0.0">
    <ignored/>
  </testcase> <!-- WaitsAtTest -->
  <testcase classname="LeafTestCases.ElementTestClases" name="Attest" time="0.0">
    <ignored/>
  </testcase> <!-- Attest -->
</testsuite> <!-- Default test -->
