<?xml version="1.0" encoding="UTF-8"?>
<!-- Generated by org.testng.reporters.JUnitXMLReporter -->
<testsuite ignored="2" hostname="CPLBNGLPT103" failures="0" tests="1" name="Default test" time="17.714" errors="0" timestamp="2026-02-18T12:49:39 IST">
  <testcase classname="LeafTestCases.TableTestClases" name="ATTestDynamicGrid" time="17.674"/>
  <testcase classname="LeafTestCases.TableTestClases" name="ATtestTable" time="0.0">
    <ignored/>
  </testcase> <!-- ATtestTable -->
  <testcase classname="LeafTestCases.TableTestClases" name="ATTestGrid" time="0.0">
    <ignored/>
  </testcase> <!-- ATTestGrid -->
</testsuite> <!-- Default test -->
