<?xml version="1.0" encoding="UTF-8"?>
<!-- Generated by org.testng.reporters.JUnitXMLReporter -->
<testsuite ignored="6" hostname="CPLBNGLPT103" failures="0" tests="1" name="Default test" time="5.209" errors="0" timestamp="2026-01-31T12:14:30 IST">
  <testcase classname="LeafTestCases.ElementTestClases" name="HyperLink" time="5.178"/>
  <testcase classname="LeafTestCases.ElementTestClases" name="DropDownAttest" time="0.0">
    <ignored/>
  </testcase> <!-- DropDownAttest -->
  <testcase classname="LeafTestCases.ElementTestClases" name="Button" time="0.0">
    <ignored/>
  </testcase> <!-- Button -->
  <testcase classname="LeafTestCases.ElementTestClases" name="TextBox" time="0.0">
    <ignored/>
  </testcase> <!-- TextBox -->
  <testcase classname="LeafTestCases.ElementTestClases" name="WaitsAtTest" time="0.0">
    <ignored/>
  </testcase> <!-- WaitsAtTest -->
  <testcase classname="LeafTestCases.ElementTestClases" name="CheckBox" time="0.0">
    <ignored/>
  </testcase> <!-- CheckBox -->
  <testcase classname="LeafTestCases.ElementTestClases" name="RadioBttn" time="0.0">
    <ignored/>
  </testcase> <!-- RadioBttn -->
</testsuite> <!-- Default test -->
