<?xml version="1.0" encoding="UTF-8"?>
<!-- Generated by org.testng.reporters.JUnitXMLReporter -->
<testsuite ignored="3" hostname="CPLBNGLPT103" failures="0" tests="1" name="Default test" time="11.902" errors="0" timestamp="2026-02-18T17:53:18 IST">
  <testcase classname="LeafTestCases.TableTestClases" name="AtTestCalendar" time="11.868"/>
  <testcase classname="LeafTestCases.TableTestClases" name="ATTestGrid" time="0.0">
    <ignored/>
  </testcase> <!-- ATTestGrid -->
  <testcase classname="LeafTestCases.TableTestClases" name="ATTestDynamicGrid" time="0.0">
    <ignored/>
  </testcase> <!-- ATTestDynamicGrid -->
  <testcase classname="LeafTestCases.TableTestClases" name="ATtestTable" time="0.0">
    <ignored/>
  </testcase> <!-- ATtestTable -->
</testsuite> <!-- Default test -->
