<?xml version="1.0" encoding="UTF-8"?>
<!-- Generated by org.testng.reporters.JUnitXMLReporter -->
<testsuite ignored="1" hostname="CPLBNGLPT103" failures="0" tests="1" name="Default test" time="154.881" errors="0" timestamp="2026-02-17T16:12:56 IST">
  <testcase classname="LeafTestCases.TableTestClases" name="ATTestGrid" time="154.806"/>
  <testcase classname="LeafTestCases.TableTestClases" name="ATtestTable" time="0.0">
    <ignored/>
  </testcase> <!-- ATtestTable -->
</testsuite> <!-- Default test -->
