<?xml version="1.0" encoding="UTF-8"?>
<!-- Generated by org.testng.reporters.JUnitXMLReporter -->
<testsuite ignored="2" hostname="CPLBNGLPT79" failures="0" tests="1" name="Default test" time="54.406" errors="0" timestamp="2025-12-09T16:02:46 IST">
  <testcase classname="LeafTestCases.ElementTestClases" name="Attest" time="54.37"/>
  <testcase classname="LeafTestCases.ElementTestClases" name="WaitsAtTest" time="0.0">
    <ignored/>
  </testcase> <!-- WaitsAtTest -->
  <testcase classname="LeafTestCases.ElementTestClases" name="RadioBttn" time="0.0">
    <ignored/>
  </testcase> <!-- RadioBttn -->
</testsuite> <!-- Default test -->
