<?xml version="1.0" encoding="UTF-8"?>
<!-- Generated by org.testng.reporters.JUnitXMLReporter -->
<testsuite ignored="2" hostname="CPLBNGLPT103" failures="0" tests="1" name="Default test" time="10.524" errors="0" timestamp="2026-03-06T17:32:23 IST">
  <testcase classname="LeafTestCases.ListTestCases" name="AtTestList" time="10.486"/>
  <testcase classname="LeafTestCases.ListTestCases" name="ATTestList" time="0.0">
    <ignored/>
  </testcase> <!-- ATTestList -->
  <testcase classname="LeafTestCases.ListTestCases" name="ATTestTree" time="0.0">
    <ignored/>
  </testcase> <!-- ATTestTree -->
</testsuite> <!-- Default test -->
