<?xml version="1.0" encoding="UTF-8"?>
<!-- Generated by org.testng.reporters.JUnitXMLReporter -->
<testsuite ignored="3" hostname="CPLBNGLPT103" failures="0" tests="1" name="Default test" time="10.194" errors="0" timestamp="2026-02-09T16:50:29 IST">
  <testcase classname="LeafTestCases.MisctestCases" name="ATtestFile" time="10.164"/>
  <testcase classname="LeafTestCases.MisctestCases" name="AtTestVideo" time="0.0">
    <ignored/>
  </testcase> <!-- AtTestVideo -->
  <testcase classname="LeafTestCases.MisctestCases" name="ATtestChart" time="0.0">
    <ignored/>
  </testcase> <!-- ATtestChart -->
  <testcase classname="LeafTestCases.MisctestCases" name="AtestMisc" time="0.0">
    <ignored/>
  </testcase> <!-- AtestMisc -->
</testsuite> <!-- Default test -->
