<?xml version="1.0" encoding="UTF-8"?>
<testng-results ignored="0" total="1" passed="1" failed="0" skipped="0">
  <reporter-output>
  </reporter-output>
  <suite started-at="2026-02-24T17:38:25 IST" name="Default suite" finished-at="2026-02-24T17:38:48 IST" duration-ms="23358">
    <groups>
    </groups>
    <test started-at="2026-02-24T17:38:25 IST" name="Default test" finished-at="2026-02-24T17:38:48 IST" duration-ms="23358">
      <class name="LeafTestCases.ListTestCases">
        <test-method is-config="true" signature="BeforeSuite()[pri:0, instance:LeafTestCases.ListTestCases@40a4337a]" started-at="2026-02-24T17:38:20 IST" name="BeforeSuite" finished-at="2026-02-24T17:38:25 IST" duration-ms="4895" status="PASS">
          <reporter-output>
          </reporter-output>
        </test-method> <!-- BeforeSuite -->
        <test-method signature="ATTestList()[pri:0, instance:LeafTestCases.ListTestCases@40a4337a]" started-at="2026-02-24T17:38:25 IST" name="ATTestList" finished-at="2026-02-24T17:38:48 IST" duration-ms="23296" status="PASS">
          <reporter-output>
          </reporter-output>
        </test-method> <!-- ATTestList -->
      </class> <!-- LeafTestCases.ListTestCases -->
    </test> <!-- Default test -->
  </suite> <!-- Default suite -->
</testng-results>
