<?xml version="1.0" encoding="UTF-8"?>
<testng-results ignored="0" total="1" passed="1" failed="0" skipped="0">
  <reporter-output>
  </reporter-output>
  <suite started-at="2026-02-05T12:34:52 IST" name="Default suite" finished-at="2026-02-05T12:35:13 IST" duration-ms="21163">
    <groups>
    </groups>
    <test started-at="2026-02-05T12:34:52 IST" name="Default test" finished-at="2026-02-05T12:35:13 IST" duration-ms="21163">
      <class name="LeafTestCases.MisctestCases">
        <test-method is-config="true" signature="BeforeSuit()[pri:0, instance:LeafTestCases.MisctestCases@40a4337a]" started-at="2026-02-05T12:34:47 IST" name="BeforeSuit" finished-at="2026-02-05T12:34:52 IST" duration-ms="4977" status="PASS">
          <reporter-output>
          </reporter-output>
        </test-method> <!-- BeforeSuit -->
        <test-method signature="Atest()[pri:0, instance:LeafTestCases.MisctestCases@40a4337a]" started-at="2026-02-05T12:34:52 IST" name="Atest" finished-at="2026-02-05T12:35:13 IST" duration-ms="21117" status="PASS">
          <reporter-output>
          </reporter-output>
        </test-method> <!-- Atest -->
      </class> <!-- LeafTestCases.MisctestCases -->
    </test> <!-- Default test -->
  </suite> <!-- Default suite -->
</testng-results>
